  main.cpp
  list.cpp
D:\Projects CPP\s21_containers\s21_containers\list.h(14,13): error C2143: синтаксическая ошибка: отсутствие ";" перед "*"
D:\Projects CPP\s21_containers\s21_containers\list.h(14,9): error C4430: отсутствует спецификатор типа - предполагается int. Примечание. C++ не поддерживает int по умолчанию
D:\Projects CPP\s21_containers\s21_containers\list.h(14,32): error C2238: непредвиденные лексемы перед ";"
D:\Projects CPP\s21_containers\s21_containers\list.h(17,22): error C2061: синтаксическая ошибка: идентификатор "Node"
D:\Projects CPP\s21_containers\s21_containers\list.h(17,9): error C2535: List<T>::ListIterator::ListIterator(void): функция-член уже определена или объявлена
D:\Projects CPP\s21_containers\s21_containers\list.h(25,14): error C2091: функция возвращает функцию
D:\Projects CPP\s21_containers\s21_containers\list.h(26,14): error C2091: функция возвращает функцию
D:\Projects CPP\s21_containers\s21_containers\list.h(16,26): error C3861: current: идентификатор не найден
D:\Projects CPP\s21_containers\s21_containers\list.h(16,26): error C2065: current: необъявленный идентификатор
D:\Projects CPP\s21_containers\s21_containers\list.h(17,36): error C3861: current: идентификатор не найден
D:\Projects CPP\s21_containers\s21_containers\list.h(17,44): error C3861: node: идентификатор не найден
D:\Projects CPP\s21_containers\s21_containers\list.h(17,44): error C2065: node: необъявленный идентификатор
D:\Projects CPP\s21_containers\s21_containers\list.h(14,13): error C2143: синтаксическая ошибка: отсутствие ";" перед "*"
D:\Projects CPP\s21_containers\s21_containers\list.h(14,9): error C4430: отсутствует спецификатор типа - предполагается int. Примечание. C++ не поддерживает int по умолчанию
D:\Projects CPP\s21_containers\s21_containers\list.h(14,32): error C2238: непредвиденные лексемы перед ";"
D:\Projects CPP\s21_containers\s21_containers\list.h(17,22): error C2061: синтаксическая ошибка: идентификатор "Node"
D:\Projects CPP\s21_containers\s21_containers\list.h(17,9): error C2535: List<T>::ListIterator::ListIterator(void): функция-член уже определена или объявлена
D:\Projects CPP\s21_containers\s21_containers\list.h(25,14): error C2091: функция возвращает функцию
D:\Projects CPP\s21_containers\s21_containers\list.h(26,14): error C2091: функция возвращает функцию
D:\Projects CPP\s21_containers\s21_containers\list.h(16,26): error C3861: current: идентификатор не найден
D:\Projects CPP\s21_containers\s21_containers\list.h(16,26): error C2065: current: необъявленный идентификатор
D:\Projects CPP\s21_containers\s21_containers\list.h(17,36): error C3861: current: идентификатор не найден
D:\Projects CPP\s21_containers\s21_containers\list.h(17,44): error C3861: node: идентификатор не найден
D:\Projects CPP\s21_containers\s21_containers\list.h(17,44): error C2065: node: необъявленный идентификатор
D:\Projects CPP\s21_containers\s21_containers\list.cpp(89,10): warning C4346: "const_reference": зависимое имя не является типом.
D:\Projects CPP\s21_containers\s21_containers\list.cpp(89,10): error C2061: синтаксическая ошибка: идентификатор "const_reference"
D:\Projects CPP\s21_containers\s21_containers\list.cpp(89,43): error C2143: синтаксическая ошибка: отсутствие ";" перед "{"
D:\Projects CPP\s21_containers\s21_containers\list.cpp(89,43): error C2447: {: отсутствует заголовок функции (возможно, используется формальный список старого типа)
D:\Projects CPP\s21_containers\s21_containers\list.cpp(94,10): warning C4346: "const_reference": зависимое имя не является типом.
D:\Projects CPP\s21_containers\s21_containers\list.cpp(94,10): error C2061: синтаксическая ошибка: идентификатор "const_reference"
D:\Projects CPP\s21_containers\s21_containers\list.cpp(94,42): error C2143: синтаксическая ошибка: отсутствие ";" перед "{"
D:\Projects CPP\s21_containers\s21_containers\list.cpp(94,42): error C2447: {: отсутствует заголовок функции (возможно, используется формальный список старого типа)
D:\Projects CPP\s21_containers\s21_containers\list.cpp(134,37): error C2244: List<T>::begin: не удается сопоставить определение функции существующему объявлению
D:\Projects CPP\s21_containers\s21_containers\list.cpp(139,37): error C2244: List<T>::end: не удается сопоставить определение функции существующему объявлению
D:\Projects CPP\s21_containers\s21_containers\list.cpp(145,10): warning C4346: "size_type": зависимое имя не является типом.
D:\Projects CPP\s21_containers\s21_containers\list.cpp(145,10): error C2061: синтаксическая ошибка: идентификатор "size_type"
D:\Projects CPP\s21_containers\s21_containers\list.cpp(145,36): error C2143: синтаксическая ошибка: отсутствие ";" перед "{"
D:\Projects CPP\s21_containers\s21_containers\list.cpp(145,36): error C2447: {: отсутствует заголовок функции (возможно, используется формальный список старого типа)
  Создание кода...
